<?xml version="1.0" encoding="UTF-8"?>
<robot generator="Robot 7.1 (Python 3.12.6 on win32)" generated="2024-10-02T11:32:54.052498" rpa="false" schemaversion="5">
<suite id="s1" name="Aula-2-Nao Passou" source="c:\projetos\robot\arquivos-robot\Aula - 2\CT que não passou no teste\aula-2-nao_passou.robot">
<test id="s1-t1" name="Verificar se ao preencher corretamente o formulário os dados são inseridos corretamente na lista e se um novo card é criado no time escolhido" line="19">
<kw name="Dado que eu acesse o Organo">
<kw name="Open Browser" owner="SeleniumLibrary">
<msg time="2024-10-02T11:32:54.501656" level="INFO">Opening browser 'Chrome' to base url 'http://localhost:3000/'.</msg>
<arg>url=http://localhost:3000/</arg>
<arg>browser=Chrome</arg>
<doc>Opens a new browser instance to the optional ``url``.</doc>
<status status="PASS" start="2024-10-02T11:32:54.501656" elapsed="3.703208"/>
</kw>
<status status="PASS" start="2024-10-02T11:32:54.501656" elapsed="3.703208"/>
</kw>
<kw name="E preencha os campos do formulário">
<kw name="Input Text" owner="SeleniumLibrary">
<msg time="2024-10-02T11:32:58.213389" level="INFO">Typing text 'Akemi' into text field 'id:form-nome'.</msg>
<arg>id:form-nome</arg>
<arg>Akemi</arg>
<doc>Types the given ``text`` into the text field identified by ``locator``.</doc>
<status status="PASS" start="2024-10-02T11:32:58.204864" elapsed="0.485579"/>
</kw>
<kw name="Input Text" owner="SeleniumLibrary">
<msg time="2024-10-02T11:32:58.690443" level="INFO">Typing text 'Desenvolvedora' into text field 'id:form-cargo'.</msg>
<arg>id:form-cargo</arg>
<arg>Desenvolvedora</arg>
<doc>Types the given ``text`` into the text field identified by ``locator``.</doc>
<status status="PASS" start="2024-10-02T11:32:58.690443" elapsed="0.442840"/>
</kw>
<kw name="Input Text" owner="SeleniumLibrary">
<msg time="2024-10-02T11:32:59.135498" level="INFO">Typing text 'https://picsum.photos/200/300' into text field 'id:form-imagem'.</msg>
<arg>id:form-imagem</arg>
<arg>https://picsum.photos/200/300</arg>
<doc>Types the given ``text`` into the text field identified by ``locator``.</doc>
<status status="PASS" start="2024-10-02T11:32:59.133283" elapsed="0.651026"/>
</kw>
<kw name="Click Element" owner="SeleniumLibrary">
<msg time="2024-10-02T11:32:59.784309" level="INFO">Clicking element 'class:lista-suspensa'.</msg>
<arg>class:lista-suspensa</arg>
<doc>Click the element identified by ``locator``.</doc>
<status status="PASS" start="2024-10-02T11:32:59.784309" elapsed="0.239244"/>
</kw>
<kw name="Click Element" owner="SeleniumLibrary">
<msg time="2024-10-02T11:33:00.025745" level="INFO">Clicking element '//option[contains(.,'Programação')]'.</msg>
<arg>//option[contains(.,'Programação')]</arg>
<doc>Click the element identified by ``locator``.</doc>
<status status="PASS" start="2024-10-02T11:33:00.024454" elapsed="0.138193"/>
</kw>
<status status="PASS" start="2024-10-02T11:32:58.204864" elapsed="1.957783"/>
</kw>
<kw name="E clique no botão &quot;Criar Card&quot;">
<kw name="Click Element" owner="SeleniumLibrary">
<msg time="2024-10-02T11:33:00.169313" level="INFO">Clicking element 'id:form-botao'.</msg>
<arg>id:form-botao</arg>
<doc>Click the element identified by ``locator``.</doc>
<status status="PASS" start="2024-10-02T11:33:00.162647" elapsed="0.213403"/>
</kw>
<status status="PASS" start="2024-10-02T11:33:00.162647" elapsed="0.213403"/>
</kw>
<kw name="Então identificar o card no time esperado">
<kw name="Element Should Be Visible" owner="SeleniumLibrary">
<msg time="2024-10-02T11:33:00.558639" level="INFO" html="true">&lt;/td&gt;&lt;/tr&gt;&lt;tr&gt;&lt;td colspan="3"&gt;&lt;a href="selenium-screenshot-1.png"&gt;&lt;img src="selenium-screenshot-1.png" width="800px"&gt;&lt;/a&gt;</msg>
<msg time="2024-10-02T11:33:00.558639" level="FAIL">Element with locator 'class:colaboradore' not found.</msg>
<arg>class:colaboradore</arg>
<doc>Verifies that the element identified by ``locator`` is visible.</doc>
<status status="FAIL" start="2024-10-02T11:33:00.386083" elapsed="0.190182">Element with locator 'class:colaboradore' not found.</status>
</kw>
<status status="FAIL" start="2024-10-02T11:33:00.376050" elapsed="0.200215">Element with locator 'class:colaboradore' not found.</status>
</kw>
<status status="FAIL" start="2024-10-02T11:32:54.495636" elapsed="6.080629">Element with locator 'class:colaboradore' not found.</status>
</test>
<status status="FAIL" start="2024-10-02T11:32:54.063125" elapsed="6.520855"/>
</suite>
<statistics>
<total>
<stat pass="0" fail="1" skip="0">All Tests</stat>
</total>
<tag>
</tag>
<suite>
<stat pass="0" fail="1" skip="0" id="s1" name="Aula-2-Nao Passou">Aula-2-Nao Passou</stat>
</suite>
</statistics>
<errors>
</errors>
</robot>
